<?xml version="1.0" encoding="UTF-8"?>
<testng-results ignored="0" total="1" passed="1" failed="0" skipped="0">
  <reporter-output>
  </reporter-output>
  <suite started-at="2024-12-12T00:48:14 IST" name="Default suite" finished-at="2024-12-12T00:48:22 IST" duration-ms="8446">
    <groups>
    </groups>
    <test started-at="2024-12-12T00:48:14 IST" name="Default test" finished-at="2024-12-12T00:48:22 IST" duration-ms="8446">
      <class name="co.actionsclass.Slider">
        <test-method is-config="true" signature="initialization()[pri:0, instance:co.actionsclass.Slider@55182842]" started-at="2024-12-12T00:48:14 IST" name="initialization" finished-at="2024-12-12T00:48:19 IST" duration-ms="5287" status="PASS">
          <reporter-output>
          </reporter-output>
        </test-method> <!-- initialization -->
        <test-method signature="Sliding()[pri:0, instance:co.actionsclass.Slider@55182842]" started-at="2024-12-12T00:48:19 IST" name="Sliding" finished-at="2024-12-12T00:48:22 IST" duration-ms="3074" status="PASS">
          <reporter-output>
          </reporter-output>
        </test-method> <!-- Sliding -->
      </class> <!-- co.actionsclass.Slider -->
    </test> <!-- Default test -->
  </suite> <!-- Default suite -->
</testng-results>
